#
# There is insufficient memory for the Java Runtime Environment to continue.
# Native memory allocation (mmap) failed to map 3221225472 bytes for Failed to commit area from 0x0000000680000000 to 0x0000000740000000 of length 3221225472.
# Possible reasons:
#   The system is out of physical RAM or swap space
#   The process is running with CompressedOops enabled, and the Java Heap may be blocking the growth of the native heap
# Possible solutions:
#   Reduce memory load on the system
#   Increase physical memory or swap space
#   Check if swap backing store is full
#   Decrease Java heap size (-Xmx/-Xms)
#   Decrease number of Java threads
#   Decrease Java thread stack sizes (-Xss)
#   Set larger code cache with -XX:ReservedCodeCacheSize=
# This output file may be truncated or incomplete.
#
#  Out of Memory Error (t:/workspace/open/src/hotspot/os/windows/os_windows.cpp:3254), pid=17204, tid=19560
#
# JRE version:  (12.0+32) (build )
# Java VM: OpenJDK 64-Bit Server VM (12+32, mixed mode, aot, sharing, tiered, compressed oops, g1 gc, windows-amd64)
# No core dump will be written. Minidumps are not enabled by default on client versions of Windows
#

---------------  S U M M A R Y ------------

Command Line: -Djava.security.policy=C:\Users\Eric\git\0511\electronicdataarchivelibrary\eDAL-MetaDataAPI\src\main\resources\de\ipk_gatersleben\bit\bi\edal\primary_data\policy.txt -Dorg.gradle.native=false -Xms3g -Xmx6g -Dfile.encoding=windows-1252 -Duser.country=DE -Duser.language=de -Duser.variant -ea worker.org.gradle.process.internal.worker.GradleWorkerMain 'Gradle Test Executor 12'

Host: AMD Ryzen 7 1700 Eight-Core Processor          , 16 cores, 15G,  Windows 10 , 64 bit Build 18362 (10.0.18362.1110)
Time: Fri Nov 20 12:31:21 2020 Mitteleuropäische Zeit elapsed time: 5 seconds (0d 0h 0m 5s)

---------------  T H R E A D  ---------------

Current thread (0x00000228a0538800):  JavaThread "Unknown thread" [_thread_in_vm, id=19560, stack(0x0000009190f00000,0x0000009191000000)]

Stack: [0x0000009190f00000,0x0000009191000000]
Native frames: (J=compiled Java code, j=interpreted, Vv=VM code, C=native code)
V  [jvm.dll+0x63915a]
V  [jvm.dll+0x78b0af]
V  [jvm.dll+0x78c751]
V  [jvm.dll+0x78cda3]
V  [jvm.dll+0x261f68]
V  [jvm.dll+0x63665a]
V  [jvm.dll+0x62b1d5]
V  [jvm.dll+0x31d8bc]
V  [jvm.dll+0x31d6ef]
V  [jvm.dll+0x323426]
V  [jvm.dll+0x370ed6]
V  [jvm.dll+0x3706b0]
V  [jvm.dll+0x2f76ea]
V  [jvm.dll+0x2f8972]
V  [jvm.dll+0x765457]
V  [jvm.dll+0x766b35]
V  [jvm.dll+0x37efa9]
V  [jvm.dll+0x7497b4]
V  [jvm.dll+0x3ee32d]
V  [jvm.dll+0x3f01d1]
C  [jli.dll+0x51cf]
C  [ucrtbase.dll+0x210b2]
C  [KERNEL32.DLL+0x17c24]
C  [ntdll.dll+0x6d4d1]


---------------  P R O C E S S  ---------------

Threads class SMR info:
_java_thread_list=0x00007ff9d59a46e8, length=0, elements={
}

Java Threads: ( => current thread )

Other Threads:
  0x00000228a05a0800 GCTaskThread "GC Thread#0" [stack: 0x0000009191000000,0x0000009191100000] [id=5740]
  0x00000228a05b4800 ConcurrentGCThread "G1 Main Marker" [stack: 0x0000009191100000,0x0000009191200000] [id=13632]
  0x00000228a05b7000 ConcurrentGCThread "G1 Conc#0" [stack: 0x0000009191200000,0x0000009191300000] [id=13476]

[error occurred during error reporting (printing all threads), id 0xc0000005, EXCEPTION_ACCESS_VIOLATION (0xc0000005) at pc=0x00007ff9d51d7957]

VM state:not at safepoint (not fully initialized)

VM Mutex/Monitor currently owned by a thread:  ([mutex/lock_event])
[0x00000228a0535e10] Heap_lock - owner thread: 0x00000228a0538800

Heap address: 0x0000000680000000, size: 6144 MB, Compressed Oops mode: Non-zero based: 0x0000000680000000
Narrow klass base: 0x0000000000000000, Narrow klass shift: 0

GC Heap History (0 events):
No events

Deoptimization events (0 events):
No events

Classes redefined (0 events):
No events

Internal exceptions (0 events):
No events

Events (0 events):
No events


Dynamic libraries:
0x00007ff7fe480000 - 0x00007ff7fe48d000 	C:\Program Files\Java\jdk-12\bin\java.exe
0x00007ffa3baa0000 - 0x00007ffa3bc90000 	C:\Windows\SYSTEM32\ntdll.dll
0x00007ffa3af00000 - 0x00007ffa3afb2000 	C:\Windows\System32\KERNEL32.DLL
0x00007ffa38a20000 - 0x00007ffa38cc5000 	C:\Windows\System32\KERNELBASE.dll
0x00007ffa39460000 - 0x00007ffa3955a000 	C:\Windows\System32\ucrtbase.dll
0x00007ffa19320000 - 0x00007ffa19336000 	C:\Program Files\Java\jdk-12\bin\VCRUNTIME140.dll
0x00007ffa19360000 - 0x00007ffa19377000 	C:\Program Files\Java\jdk-12\bin\jli.dll
0x00007ffa3b880000 - 0x00007ffa3ba14000 	C:\Windows\System32\USER32.dll
0x00007ffa2cbd0000 - 0x00007ffa2ce54000 	C:\Windows\WinSxS\amd64_microsoft.windows.common-controls_6595b64144ccf1df_6.0.18362.1198_none_9e820b57e45ad92f\COMCTL32.dll
0x00007ffa39b20000 - 0x00007ffa39b41000 	C:\Windows\System32\win32u.dll
0x00007ffa3a700000 - 0x00007ffa3a79e000 	C:\Windows\System32\msvcrt.dll
0x00007ffa39bb0000 - 0x00007ffa39bd6000 	C:\Windows\System32\GDI32.dll
0x00007ffa3afc0000 - 0x00007ffa3b2f5000 	C:\Windows\System32\combase.dll
0x00007ffa3b760000 - 0x00007ffa3b880000 	C:\Windows\System32\RPCRT4.dll
0x00007ffa39670000 - 0x00007ffa396f0000 	C:\Windows\System32\bcryptPrimitives.dll
0x00007ffa39870000 - 0x00007ffa39a06000 	C:\Windows\System32\gdi32full.dll
0x00007ffa39a80000 - 0x00007ffa39b1e000 	C:\Windows\System32\msvcp_win.dll
0x00007ffa3ba20000 - 0x00007ffa3ba4e000 	C:\Windows\System32\IMM32.DLL
0x00007ff9db9a0000 - 0x00007ff9dba4a000 	C:\Program Files\Java\jdk-12\bin\msvcp140.dll
0x00007ff9d4ed0000 - 0x00007ff9d5a44000 	C:\Program Files\Java\jdk-12\bin\server\jvm.dll
0x00007ffa3ace0000 - 0x00007ffa3ad83000 	C:\Windows\System32\ADVAPI32.dll
0x00007ffa3b430000 - 0x00007ffa3b4c7000 	C:\Windows\System32\sechost.dll
0x00007ffa3b370000 - 0x00007ffa3b378000 	C:\Windows\System32\PSAPI.DLL
0x00007ffa2c8f0000 - 0x00007ffa2c8f9000 	C:\Windows\SYSTEM32\WSOCK32.dll
0x00007ffa35330000 - 0x00007ffa35354000 	C:\Windows\SYSTEM32\WINMM.dll
0x00007ffa3b300000 - 0x00007ffa3b36f000 	C:\Windows\System32\WS2_32.dll
0x00007ffa37b00000 - 0x00007ffa37b0a000 	C:\Windows\SYSTEM32\VERSION.dll
0x00007ffa352e0000 - 0x00007ffa3530d000 	C:\Windows\SYSTEM32\winmmbase.dll
0x00007ffa39a30000 - 0x00007ffa39a7a000 	C:\Windows\System32\cfgmgr32.dll
0x00007ffa38960000 - 0x00007ffa38971000 	C:\Windows\System32\kernel.appcore.dll
0x00007ffa17520000 - 0x00007ffa17531000 	C:\Program Files\Java\jdk-12\bin\verify.dll
0x00007ffa2b870000 - 0x00007ffa2ba64000 	C:\Windows\SYSTEM32\DBGHELP.DLL
0x00007ffa2c1c0000 - 0x00007ffa2c1ea000 	C:\Windows\SYSTEM32\dbgcore.DLL
0x00007ffa0a9e0000 - 0x00007ffa0aa06000 	C:\Program Files\Java\jdk-12\bin\java.dll
0x00007ffa0b000000 - 0x00007ffa0b017000 	C:\Program Files\Java\jdk-12\bin\zip.dll
0x00007ffa217e0000 - 0x00007ffa217ea000 	C:\Program Files\Java\jdk-12\bin\jimage.dll

dbghelp: loaded successfully - version: 4.0.5 - missing functions: none
symbol engine: initialized successfully - sym options: 0x614 - pdb path: .;C:\Program Files\Java\jdk-12\bin;C:\Windows\SYSTEM32;C:\Windows\WinSxS\amd64_microsoft.windows.common-controls_6595b64144ccf1df_6.0.18362.1198_none_9e820b57e45ad92f;C:\Program Files\Java\jdk-12\bin\server

VM Arguments:
jvm_args: -Djava.security.policy=C:\Users\Eric\git\0511\electronicdataarchivelibrary\eDAL-MetaDataAPI\src\main\resources\de\ipk_gatersleben\bit\bi\edal\primary_data\policy.txt -Dorg.gradle.native=false -Xms3g -Xmx6g -Dfile.encoding=windows-1252 -Duser.country=DE -Duser.language=de -Duser.variant -ea 
java_command: worker.org.gradle.process.internal.worker.GradleWorkerMain 'Gradle Test Executor 12'
java_class_path (initial): C:\\Users\\Eric\\.gradle\\caches\\5.6\\workerMain\\gradle-worker.jar;C:\\Users\\Eric\\git\\0511\\electronicdataarchivelibrary\\eDAL-MetaDataAPI\\build\\classes\\java\\test;C:\\Users\\Eric\\git\\0511\\electronicdataarchivelibrary\\eDAL-MetaDataAPI\\build\\resources\\test;C:\\Users\\Eric\\git\\0511\\electronicdataarchivelibrary\\eDAL-MetaDataAPI\\build\\classes\\java\\main;C:\\Users\\Eric\\git\\0511\\electronicdataarchivelibrary\\eDAL-MetaDataAPI\\build\\resources\\main;C:\\Users\\Eric\\.gradle\\caches\\modules-2\\files-2.1\\commons-io\\commons-io\\2.6\\815893df5f31da2ece4040fe0a12fd44b577afaf\\commons-io-2.6.jar;C:\\Users\\Eric\\.gradle\\caches\\modules-2\\files-2.1\\org.aspectj\\aspectjrt\\1.9.5\\dc063f2557f6734ccb529b4c1d97132e4c8c739\\aspectjrt-1.9.5.jar;C:\\Users\\Eric\\.gradle\\caches\\modules-2\\files-2.1\\com.h2database\\h2\\1.4.199\\7bf08152984ed8859740ae3f97fae6c72771ae45\\h2-1.4.199.jar;C:\\Users\\Eric\\.gradle\\caches\\modules-2\\files-2.1\\org.hibernate.search\\hibernate-search-mapper-orm\\6.0.0.Beta10\\7ebee0d82b8ee3bd950e8aad7cb1a7097691a857\\hibernate-search-mapper-orm-6.0.0.Beta10.jar;C:\\Users\\Eric\\.gradle\\caches\\modules-2\\files-2.1\\org.hibernate.search\\hibernate-search-backend-lucene\\6.0.0.Beta11\\ea27f2d3f9ff88b58c74d6fa5d29f9491b5f10\\hibernate-search-backend-lucene-6.0.0.Beta11.jar;C:\\Users\\Eric\\.gradle\\caches\\modules-2\\files-2.1\\org.hibernate\\hibernate-jcache\\5.4.22.Final\\109da4c8def74cb4dc2acb89269fd3de7b8515cc\\hibernate-jcache-5.4.22.Final.jar;C:\\Users\\Eric\\.gradle\\caches\\modules-2\\files-2.1\\org.hibernate\\hibernate-c3p0\\5.4.22.Final\\66ceca23fcc82156e4d7f59e2b233ff26084542e\\hibernate-c3p0-5.4.22.Final.jar;C:\\Users\\Eric\\.gradle\\caches\\modules-2\\files-2.1\\org.hibernate\\hibernate-core\\5.4.22.Final\\3171ee075e69d4be3a39cbadcad9db3c2c0f2681\\hibernate-core-5.4.22.Final.jar;C:\\Users\\Eric\\.gradle\\caches\\modules-2\\files-2.1\\org.ehcache\\ehcache\\3.6.1\\988fe59a585d6b1a0faa100149
Launcher Type: SUN_STANDARD

[Global flags]
     intx CICompilerCount                          = 12                                        {product} {ergonomic}
     uint ConcGCThreads                            = 3                                         {product} {ergonomic}
     uint G1ConcRefinementThreads                  = 13                                        {product} {ergonomic}
   size_t G1HeapRegionSize                         = 2097152                                   {product} {ergonomic}
    uintx GCDrainStackTargetSize                   = 64                                        {product} {ergonomic}
   size_t InitialHeapSize                          = 3221225472                                {product} {command line}
   size_t MarkStackSize                            = 4194304                                   {product} {ergonomic}
   size_t MaxHeapSize                              = 6442450944                                {product} {command line}
   size_t MinHeapDeltaBytes                        = 2097152                                   {product} {ergonomic}
    uintx NonNMethodCodeHeapSize                   = 7594288                                {pd product} {ergonomic}
    uintx NonProfiledCodeHeapSize                  = 122031976                              {pd product} {ergonomic}
    uintx ProfiledCodeHeapSize                     = 122031976                              {pd product} {ergonomic}
    uintx ReservedCodeCacheSize                    = 251658240                              {pd product} {ergonomic}
     bool SegmentedCodeCache                       = true                                      {product} {ergonomic}
     bool UseCompressedClassPointers               = true                                 {lp64_product} {ergonomic}
     bool UseCompressedOops                        = true                                 {lp64_product} {ergonomic}
     bool UseG1GC                                  = true                                      {product} {ergonomic}
     bool UseLargePagesIndividualAllocation        = false                                  {pd product} {ergonomic}

Logging:
Log output configuration:
 #0: stdout all=warning uptime,level,tags
 #1: stderr all=off uptime,level,tags

Environment Variables:
JAVA_HOME=C:\Program Files\Java\jdk-12
CLASSPATH=C:\Gradle\gradle-5.6-all\gradle-5.6\bin\..\lib\gradle-launcher-5.6.jar
PATH=C:\Python38\Scripts\;C:\Python38\;C:\Windows\system32;C:\Windows;C:\Windows\System32\Wbem;C:\Windows\System32\WindowsPowerShell\v1.0\;C:\Windows\System32\OpenSSH\;C:\Program Files\TortoiseGit\bin;C:\Program Files\Git\cmd;C:\Program Files\nodejs\;C:\ProgramData\chocolatey\bin;C:\Gradle\gradle-5.6-all\gradle-5.6\bin;C:\Program Files\Java\jdk-12\bin;C:\Program Files (x86)\apache-maven-3.6.3-bin\apache-maven-3.6.3\bin;C:\Users\Eric\AppData\Local\Microsoft\WindowsApps;C:\Users\Eric\AppData\Local\atom\bin;C:\Users\Eric\AppData\Roaming\npm;C:\Users\Eric\AppData\Local\Programs\Microsoft VS Code\bin
USERNAME=Eric
OS=Windows_NT
PROCESSOR_IDENTIFIER=AMD64 Family 23 Model 1 Stepping 1, AuthenticAMD



---------------  S Y S T E M  ---------------

OS: Windows 10 , 64 bit Build 18362 (10.0.18362.1110)

CPU:total 16 (initial active 16) (16 cores per cpu, 2 threads per core) family 23 model 1 stepping 1, cmov, cx8, fxsr, mmx, sse, sse2, sse3, ssse3, sse4.1, sse4.2, popcnt, avx, avx2, aes, clmul, mmxext, 3dnowpref, lzcnt, sse4a, ht, tsc, tscinvbit, tscinv, bmi1, bmi2, adx, sha, fma

Memory: 4k page, system-wide physical 16335M (8856M free)
TotalPageFile size 58618M (AvailPageFile size 3072M)
current process WorkingSet (physical memory assigned to process): 10M, peak: 10M
current process commit charge ("private bytes"): 71M, peak: 3143M

vm_info: OpenJDK 64-Bit Server VM (12+32) for windows-amd64 JRE (12+32), built on Feb 14 2019 05:18:05 by "mach5one" with MS VC++ 15.5 (VS2017)

END.
